app/build/outputs/mapping/release/mapping.txt
# compiler: R8
# compiler_version: 1.6.5-dev
# min_api: 19
# compiler_hash: 2d4f631385785ef065fa09085726cda81b6e0fd6
# pg_map_id: c42bcff
com.odifek.alc4phase1.AboutAlcActivity -> com.odifek.alc4phase1.AboutAlcActivity:
    com.odifek.alc4phase1.databinding.ActivityAboutAlcBinding binding -> o
com.odifek.alc4phase1.AboutAlcActivity$onCreate$1 -> com.odifek.alc4phase1.AboutAlcActivity$a:
    com.odifek.alc4phase1.AboutAlcActivity this$0 -> a
    1:1:com.odifek.alc4phase1.databinding.ActivityAboutAlcBinding com.odifek.alc4phase1.AboutAlcActivity.access$getBinding$p(com.odifek.alc4phase1.AboutAlcActivity):0:0 -> onPageFinished
    1:1:void onPageFinished(android.webkit.WebView,java.lang.String):0 -> onPageFinished
    2:2:void onPageFinished(android.webkit.WebView,java.lang.String):0:0 -> onPageFinished
    3:3:com.odifek.alc4phase1.databinding.ActivityAboutAlcBinding com.odifek.alc4phase1.AboutAlcActivity.access$getBinding$p(com.odifek.alc4phase1.AboutAlcActivity):0:0 -> onPageFinished
    3:3:void onPageFinished(android.webkit.WebView,java.lang.String):0 -> onPageFinished
    1:1:com.odifek.alc4phase1.databinding.ActivityAboutAlcBinding com.odifek.alc4phase1.AboutAlcActivity.access$getBinding$p(com.odifek.alc4phase1.AboutAlcActivity):0:0 -> onPageStarted
    1:1:void onPageStarted(android.webkit.WebView,java.lang.String,android.graphics.Bitmap):0 -> onPageStarted
    2:2:void onPageStarted(android.webkit.WebView,java.lang.String,android.graphics.Bitmap):0:0 -> onPageStarted
    3:3:com.odifek.alc4phase1.databinding.ActivityAboutAlcBinding com.odifek.alc4phase1.AboutAlcActivity.access$getBinding$p(com.odifek.alc4phase1.AboutAlcActivity):0:0 -> onPageStarted
    3:3:void onPageStarted(android.webkit.WebView,java.lang.String,android.graphics.Bitmap):0 -> onPageStarted
com.odifek.alc4phase1.DataBinderMapperImpl -> b.d.a.a:
    android.util.SparseIntArray INTERNAL_LAYOUT_ID_LOOKUP -> a
    java.util.List collectDependencies() -> a
    androidx.databinding.ViewDataBinding getDataBinder(androidx.databinding.DataBindingComponent,android.view.View,int) -> a
    androidx.databinding.ViewDataBinding getDataBinder(androidx.databinding.DataBindingComponent,android.view.View[],int) -> a
com.odifek.alc4phase1.MainActivity -> com.odifek.alc4phase1.MainActivity:
    com.odifek.alc4phase1.databinding.ActivityMainBinding binding -> o
com.odifek.alc4phase1.ProfileActivity -> com.odifek.alc4phase1.ProfileActivity:
    com.odifek.alc4phase1.databinding.ActivityProfileBinding binding -> o
com.odifek.alc4phase1.databinding.ActivityAboutAlcBinding -> b.d.a.b.a:
    android.widget.ProgressBar progressBar -> m
    androidx.appcompat.widget.Toolbar toolbar -> n
    android.webkit.WebView webviewAboutAlc -> o
com.odifek.alc4phase1.databinding.ActivityAboutAlcBindingImpl -> b.d.a.b.b:
    androidx.coordinatorlayout.widget.CoordinatorLayout mboundView0 -> p
    android.util.SparseIntArray sViewsWithIds -> r
    long mDirtyFlags -> q
    1:1:void <init>(androidx.databinding.DataBindingComponent,android.view.View,java.lang.Object[]):0:0 -> <init>
    1:1:void <init>(androidx.databinding.DataBindingComponent,android.view.View):0 -> <init>
    2:2:void androidx.databinding.ViewDataBinding.setRootTag(android.view.View):0:0 -> <init>
    2:2:void <init>(androidx.databinding.DataBindingComponent,android.view.View,java.lang.Object[]):0 -> <init>
    2:2:void <init>(androidx.databinding.DataBindingComponent,android.view.View):0 -> <init>
    3:3:void <init>(androidx.databinding.DataBindingComponent,android.view.View,java.lang.Object[]):0:0 -> <init>
    3:3:void <init>(androidx.databinding.DataBindingComponent,android.view.View):0 -> <init>
    void executeBindings() -> a
    boolean hasPendingBindings() -> c
    void invalidateAll() -> e
com.odifek.alc4phase1.databinding.ActivityMainBinding -> b.d.a.b.c:
    android.widget.Button buttonAboutAlc -> m
    androidx.appcompat.widget.Toolbar toolbar -> o
    android.widget.Button buttonMyProfile -> n
...
com.bumptech.glide.Registry$NoImageHeaderParserException -> b.b.a.i$b:
com.bumptech.glide.Registry$NoModelLoaderAvailableException -> b.b.a.i$c:
com.bumptech.glide.Registry$NoResultEncoderAvailableException -> b.b.a.i$d:
com.bumptech.glide.Registry$NoSourceEncoderAvailableException -> b.b.a.i$e:
com.bumptech.glide.RequestBuilder -> b.b.a.j:
    com.bumptech.glide.RequestManager requestManager -> C
    android.content.Context context -> B
    boolean isDefaultTransitionOptionsSet -> I
    java.lang.Object model -> G
    boolean isModelSet -> J
    com.bumptech.glide.GlideContext glideContext -> E
    com.bumptech.glide.TransitionOptions transitionOptions -> F
    java.util.List requestListeners -> H
    java.lang.Class transcodeClass -> D
    1:1:com.bumptech.glide.TransitionOptions com.bumptech.glide.RequestManager.getDefaultTransitionOptions(java.lang.Class):0:0 -> <init>
    1:1:void <init>(com.bumptech.glide.Glide,com.bumptech.glide.RequestManager,java.lang.Class,android.content.Context):0 -> <init>
    2:2:com.bumptech.glide.GlideContext com.bumptech.glide.Glide.getGlideContext():0:0 -> <init>
    2:2:com.bumptech.glide.TransitionOptions com.bumptech.glide.RequestManager.getDefaultTransitionOptions(java.lang.Class):0 -> <init>
    2:2:void <init>(com.bumptech.glide.Glide,com.bumptech.glide.RequestManager,java.lang.Class,android.content.Context):0 -> <init>
    3:3:com.bumptech.glide.TransitionOptions com.bumptech.glide.GlideContext.getDefaultTransitionOptions(java.lang.Class):0:0 -> <init>
    3:3:com.bumptech.glide.TransitionOptions com.bumptech.glide.RequestManager.getDefaultTransitionOptions(java.lang.Class):0 -> <init>
    3:3:void <init>(com.bumptech.glide.Glide,com.bumptech.glide.RequestManager,java.lang.Class,android.content.Context):0 -> <init>
com.bumptech.glide.RequestBuilder$1 -> b.b.a.j$a:
    int[] $SwitchMap$com$bumptech$glide$Priority -> b
    int[] $SwitchMap$android$widget$ImageView$ScaleType -> a
com.bumptech.glide.RequestManager -> b.b.a.k:
    com.bumptech.glide.Glide glide -> b
    com.bumptech.glide.manager.RequestTracker requestTracker -> e
    android.content.Context context -> c
    com.bumptech.glide.manager.Lifecycle lifecycle -> d
    java.util.concurrent.CopyOnWriteArrayList defaultRequestListeners -> k
    com.bumptech.glide.manager.RequestManagerTreeNode treeNode -> f
    java.lang.Runnable addSelfToLifecycle -> h
    com.bumptech.glide.manager.TargetTracker targetTracker -> g
    com.bumptech.glide.request.RequestOptions DECODE_TYPE_BITMAP -> m
    com.bumptech.glide.request.RequestOptions requestOptions -> l
    com.bumptech.glide.manager.ConnectivityMonitor connectivityMonitor -> j
    android.os.Handler mainHandler -> i
    1:1:com.bumptech.glide.request.RequestOptions com.bumptech.glide.request.RequestOptions.decodeTypeOf(java.lang.Class):0:0 -> <clinit>
    1:1:void <clinit>():0 -> <clinit>
    2:2:com.bumptech.glide.request.BaseRequestOptions com.bumptech.glide.request.BaseRequestOptions.lock():0:0 -> <clinit>
    2:2:void <clinit>():0 -> <clinit>
    3:3:void <clinit>():0:0 -> <clinit>
    4:4:com.bumptech.glide.request.RequestOptions com.bumptech.glide.request.RequestOptions.decodeTypeOf(java.lang.Class):0:0 -> <clinit>
    4:4:void <clinit>():0 -> <clinit>
    5:5:com.bumptech.glide.request.BaseRequestOptions com.bumptech.glide.request.BaseRequestOptions.lock():0:0 -> <clinit>
    5:5:void <clinit>():0 -> <clinit>
com.bumptech.glide.RequestManager$1 -> b.b.a.k$a:
    com.bumptech.glide.RequestManager this$0 -> b
com.bumptech.glide.RequestManager$RequestManagerConnectivityListener -> b.b.a.k$b:
    com.bumptech.glide.RequestManager this$0 -> b
    com.bumptech.glide.manager.RequestTracker requestTracker -> a
    1:1:void com.bumptech.glide.manager.RequestTracker.restartRequests():0:0 -> a
    1:1:void onConnectivityChanged(boolean):0 -> a
    2:2:void onConnectivityChanged(boolean):0:0 -> a